<?xml version="1.0" encoding="UTF-8"?>
<!-- Generated by org.testng.reporters.JUnitXMLReporter -->
<testsuite ignored="0" hostname="Naveen" failures="1" tests="12" name="Tutorials NinjaTest" time="53.186" errors="0" timestamp="2023-04-22T01:26:34 IST">
  <testcase classname="com.testninjalabs.qa.testcases.Register" name="verifyRegisteringAnAccountWithManadatoryFields" time="1.048"/>
  <testcase classname="com.testninjalabs.qa.testcases.Register" name="verifyRegisteringWithAllFields" time="1.14"/>
  <testcase classname="com.testninjalabs.qa.testcases.Register" name="verifyRegisteringAccountWithExistingEmailAddress" time="0.938"/>
  <testcase classname="com.testninjalabs.qa.testcases.Register" name="verifyRegisteringWithoutAnyFields" time="0.474"/>
  <testcase classname="com.testninjalabs.qa.testcases.Login" name="verifyLoginWithValidCreds" time="10.407">
    <failure type="org.openqa.selenium.NoSuchElementException" message="no such element: Unable to locate element: {&amp;quot;method&amp;quot;:&amp;quot;link text&amp;quot;,&amp;quot;selector&amp;quot;:&amp;quot;Edit your account information&amp;quot;}
  (Session info: chrome=111.0.5563.147)
For documentation on this error, please visit: https://selenium.dev/exceptions/#no_such_element
Build info: version: &amp;apos;4.6.0&amp;apos;, revision: &amp;apos;79f1c02ae20&amp;apos;
System info: os.name: &amp;apos;Windows 11&amp;apos;, os.arch: &amp;apos;amd64&amp;apos;, os.version: &amp;apos;10.0&amp;apos;, java.version: &amp;apos;17.0.4.1&amp;apos;
Driver info: org.openqa.selenium.chrome.ChromeDriver
Command: [87eaa4699b9df0c3ec2d1a9cd9b76ab5, findElement {using=link text, value=Edit your account information}]
Capabilities {acceptInsecureCerts: false, browserName: chrome, browserVersion: 111.0.5563.147, chrome: {chromedriverVersion: 111.0.5563.64 (c710e93d5b63..., userDataDir: C:\Users\NaveenK\AppData\Lo...}, goog:chromeOptions: {debuggerAddress: localhost:50036}, networkConnectionEnabled: false, pageLoadStrategy: normal, platformName: WINDOWS, proxy: Proxy(), se:cdp: ws://localhost:50036/devtoo..., se:cdpVersion: 111.0.5563.147, setWindowRect: true, strictFileInteractability: false, timeouts: {implicit: 0, pageLoad: 300000, script: 30000}, unhandledPromptBehavior: dismiss and notify, webauthn:extension:credBlob: true, webauthn:extension:largeBlob: true, webauthn:extension:minPinLength: true, webauthn:extension:prf: true, webauthn:virtualAuthenticators: true}
Session ID: 87eaa4699b9df0c3ec2d1a9cd9b76ab5">
      <![CDATA[org.openqa.selenium.NoSuchElementException: no such element: Unable to locate element: {"method":"link text","selector":"Edit your account information"}
  (Session info: chrome=111.0.5563.147)
For documentation on this error, please visit: https://selenium.dev/exceptions/#no_such_element
Build info: version: '4.6.0', revision: '79f1c02ae20'
System info: os.name: 'Windows 11', os.arch: 'amd64', os.version: '10.0', java.version: '17.0.4.1'
Driver info: org.openqa.selenium.chrome.ChromeDriver
Command: [87eaa4699b9df0c3ec2d1a9cd9b76ab5, findElement {using=link text, value=Edit your account information}]
Capabilities {acceptInsecureCerts: false, browserName: chrome, browserVersion: 111.0.5563.147, chrome: {chromedriverVersion: 111.0.5563.64 (c710e93d5b63..., userDataDir: C:\Users\NaveenK\AppData\Lo...}, goog:chromeOptions: {debuggerAddress: localhost:50036}, networkConnectionEnabled: false, pageLoadStrategy: normal, platformName: WINDOWS, proxy: Proxy(), se:cdp: ws://localhost:50036/devtoo..., se:cdpVersion: 111.0.5563.147, setWindowRect: true, strictFileInteractability: false, timeouts: {implicit: 0, pageLoad: 300000, script: 30000}, unhandledPromptBehavior: dismiss and notify, webauthn:extension:credBlob: true, webauthn:extension:largeBlob: true, webauthn:extension:minPinLength: true, webauthn:extension:prf: true, webauthn:virtualAuthenticators: true}
Session ID: 87eaa4699b9df0c3ec2d1a9cd9b76ab5
at org.openqa.selenium.remote.codec.w3c.W3CHttpResponseCodec.createException(W3CHttpResponseCodec.java:200)
at org.openqa.selenium.remote.codec.w3c.W3CHttpResponseCodec.decode(W3CHttpResponseCodec.java:133)
at org.openqa.selenium.remote.codec.w3c.W3CHttpResponseCodec.decode(W3CHttpResponseCodec.java:53)
at org.openqa.selenium.remote.HttpCommandExecutor.execute(HttpCommandExecutor.java:184)
at org.openqa.selenium.remote.service.DriverCommandExecutor.invokeExecute(DriverCommandExecutor.java:167)
at org.openqa.selenium.remote.service.DriverCommandExecutor.execute(DriverCommandExecutor.java:142)
at org.openqa.selenium.remote.RemoteWebDriver.execute(RemoteWebDriver.java:541)
at org.openqa.selenium.remote.ElementLocation$ElementFinder$2.findElement(ElementLocation.java:162)
at org.openqa.selenium.remote.ElementLocation.findElement(ElementLocation.java:60)
at org.openqa.selenium.remote.RemoteWebDriver.findElement(RemoteWebDriver.java:365)
at org.openqa.selenium.remote.RemoteWebDriver.findElement(RemoteWebDriver.java:357)
at com.testninjalabs.qa.testcases.Login.verifyLoginWithValidCreds(Login.java:46)
at java.base/java.util.ArrayList.forEach(ArrayList.java:1511)
... Removed 32 stack frames]]>
    </failure>
  </testcase> <!-- verifyLoginWithValidCreds -->
  <testcase classname="com.testninjalabs.qa.testcases.Login" name="verifyLoginWithInvalidCreds" time="0.464"/>
  <testcase classname="com.testninjalabs.qa.testcases.Login" name="verifyLoginWithInvalidEmailValidPW" time="0.426"/>
  <testcase classname="com.testninjalabs.qa.testcases.Login" name="verifyLoginWithValidEmailInvalidPW" time="0.419"/>
  <testcase classname="com.testninjalabs.qa.testcases.Login" name="verifyLoginWithoutCreds" time="0.371"/>
  <testcase classname="com.testninjalabs.qa.testcases.Search" name="searchWithValidProduct" time="0.47"/>
  <testcase classname="com.testninjalabs.qa.testcases.Search" name="searchWithInValidProduct" time="0.383"/>
  <testcase classname="com.testninjalabs.qa.testcases.Search" name="VerifysearchWithNoProduct" time="0.355"/>
</testsuite> <!-- Tutorials NinjaTest -->
